<?xml version="1.0" encoding="UTF-8"?>
<!-- Generated by org.testng.reporters.JUnitReportReporter -->
<testsuite hostname="LAPTOP-RSRN5HAR" failures="0" tests="1" name="tests.LoginTest" time="5.118" errors="0" timestamp="2025-07-19T15:08:57 IST" skipped="0">
  <testcase classname="tests.LoginTest" name="TestValidLogin" time="5.118"/>
</testsuite> <!-- tests.LoginTest -->
