<?xml version="1.0" encoding="UTF-8"?>
<!-- Generated by org.testng.reporters.JUnitReportReporter -->
<testsuite hostname="LAPTOP-RSRN5HAR" failures="0" tests="1" name="tests.LoginTest" time="11.870" errors="0" timestamp="2025-07-30T14:06:10 IST" skipped="0">
  <testcase classname="tests.LoginTest" name="TestValidLogin" time="11.870"/>
</testsuite> <!-- tests.LoginTest -->
