<?xml version="1.0" encoding="UTF-8"?>
<!-- Generated by org.testng.reporters.JUnitReportReporter -->
<testsuite hostname="LAPTOP-RSRN5HAR" failures="0" tests="1" name="tests.LoginTest" time="7.448" errors="0" timestamp="2025-07-22T17:19:21 IST" skipped="0">
  <testcase classname="tests.LoginTest" name="TestValidLogin" time="7.448"/>
</testsuite> <!-- tests.LoginTest -->
